# JRE version: Java(TM) SE Runtime Environment (8.0_31-b13) (build 1.8.0_31-b13)
# Java VM: Java HotSpot(TM) 64-Bit Server VM (25.31-b07 mixed mode windows-amd64 compressed oops)
Heap:
 PSYoungGen      total 121344K, used 2405K [0x00000000e0000000, 0x00000000e8a00000, 0x0000000100000000)
  eden space 120832K, 1% used [0x00000000e0000000,0x00000000e0259410,0x00000000e7600000)
  from space 512K, 0% used [0x00000000e8200000,0x00000000e8200000,0x00000000e8280000)
  to   space 7680K, 0% used [0x00000000e8280000,0x00000000e8280000,0x00000000e8a00000)
 ParOldGen       total 60928K, used 14673K [0x00000000a0000000, 0x00000000a3b80000, 0x00000000e0000000)
  object space 60928K, 24% used [0x00000000a0000000,0x00000000a0e544f8,0x00000000a3b80000)
 Metaspace       used 36018K, capacity 36606K, committed 37248K, reserved 1085440K
  class space    used 4942K, capacity 5062K, committed 5248K, reserved 1048576K
GC Heap History (10 events):
Event: 8.532 GC heap before
{Heap before GC invocations=34 (full 15):
 PSYoungGen      total 119808K, used 0K [0x00000000e0000000, 0x00000000e8a80000, 0x0000000100000000)
  eden space 119296K, 0% used [0x00000000e0000000,0x00000000e0000000,0x00000000e7480000)
  from space 512K, 0% used [0x00000000e8200000,0x00000000e8200000,0x00000000e8280000)
  to   space 8192K, 0% used [0x00000000e8280000,0x00000000e8280000,0x00000000e8a80000)
 ParOldGen       total 60928K, used 16838K [0x00000000a0000000, 0x00000000a3b80000, 0x00000000e0000000)
  object space 60928K, 27% used [0x00000000a0000000,0x00000000a1071ba8,0x00000000a3b80000)
 Metaspace       used 35982K, capacity 36524K, committed 36992K, reserved 1089536K
  class space    used 4954K, capacity 5095K, committed 5248K, reserved 1048576K
Event: 8.695 GC heap after
Heap after GC invocations=34 (full 15):
 PSYoungGen      total 119808K, used 0K [0x00000000e0000000, 0x00000000e8a80000, 0x0000000100000000)
  eden space 119296K, 0% used [0x00000000e0000000,0x00000000e0000000,0x00000000e7480000)
  from space 512K, 0% used [0x00000000e8200000,0x00000000e8200000,0x00000000e8280000)
  to   space 8192K, 0% used [0x00000000e8280000,0x00000000e8280000,0x00000000e8a80000)
 ParOldGen       total 60928K, used 14662K [0x00000000a0000000, 0x00000000a3b80000, 0x00000000e0000000)
  object space 60928K, 24% used [0x00000000a0000000,0x00000000a0e51968,0x00000000a3b80000)
 Metaspace       used 35920K, capacity 36414K, committed 36992K, reserved 1085440K
  class space    used 4934K, capacity 5062K, committed 5248K, reserved 1048576K
}
Event: 8.696 GC heap before
{Heap before GC invocations=35 (full 15):
 PSYoungGen      total 119808K, used 2374K [0x00000000e0000000, 0x00000000e8a80000, 0x0000000100000000)
  eden space 119296K, 1% used [0x00000000e0000000,0x00000000e0251990,0x00000000e7480000)
  from space 512K, 0% used [0x00000000e8200000,0x00000000e8200000,0x00000000e8280000)
  to   space 8192K, 0% used [0x00000000e8280000,0x00000000e8280000,0x00000000e8a80000)
 ParOldGen       total 60928K, used 14662K [0x00000000a0000000, 0x00000000a3b80000, 0x00000000e0000000)
  object space 60928K, 24% used [0x00000000a0000000,0x00000000a0e51968,0x00000000a3b80000)
 Metaspace       used 35921K, capacity 36414K, committed 36992K, reserved 1091584K
  class space    used 4934K, capacity 5062K, committed 5248K, reserved 1048576K
Event: 8.697 GC heap after
Heap after GC invocations=35 (full 15):
 PSYoungGen      total 127488K, used 160K [0x00000000e0000000, 0x00000000e8a80000, 0x0000000100000000)
  eden space 119296K, 0% used [0x00000000e0000000,0x00000000e0000000,0x00000000e7480000)
  from space 8192K, 1% used [0x00000000e8280000,0x00000000e82a8000,0x00000000e8a80000)
  to   space 512K, 0% used [0x00000000e8200000,0x00000000e8200000,0x00000000e8280000)
 ParOldGen       total 60928K, used 14662K [0x00000000a0000000, 0x00000000a3b80000, 0x00000000e0000000)
  object space 60928K, 24% used [0x00000000a0000000,0x00000000a0e51968,0x00000000a3b80000)
 Metaspace       used 35921K, capacity 36414K, committed 36992K, reserved 1091584K
  class space    used 4934K, capacity 5062K, committed 5248K, reserved 1048576K
}
Event: 8.697 GC heap before
{Heap before GC invocations=36 (full 16):
 PSYoungGen      total 127488K, used 160K [0x00000000e0000000, 0x00000000e8a80000, 0x0000000100000000)
  eden space 119296K, 0% used [0x00000000e0000000,0x00000000e0000000,0x00000000e7480000)
  from space 8192K, 1% used [0x00000000e8280000,0x00000000e82a8000,0x00000000e8a80000)
  to   space 512K, 0% used [0x00000000e8200000,0x00000000e8200000,0x00000000e8280000)
 ParOldGen       total 60928K, used 14662K [0x00000000a0000000, 0x00000000a3b80000, 0x00000000e0000000)
  object space 60928K, 24% used [0x00000000a0000000,0x00000000a0e51968,0x00000000a3b80000)
 Metaspace       used 35921K, capacity 36414K, committed 36992K, reserved 1091584K
  class space    used 4934K, capacity 5062K, committed 5248K, reserved 1048576K
Event: 8.735 GC heap after
Heap after GC invocations=36 (full 16):
 PSYoungGen      total 127488K, used 0K [0x00000000e0000000, 0x00000000e8a80000, 0x0000000100000000)
  eden space 119296K, 0% used [0x00000000e0000000,0x00000000e0000000,0x00000000e7480000)
  from space 8192K, 0% used [0x00000000e8280000,0x00000000e8280000,0x00000000e8a80000)
  to   space 512K, 0% used [0x00000000e8200000,0x00000000e8200000,0x00000000e8280000)
 ParOldGen       total 60928K, used 14695K [0x00000000a0000000, 0x00000000a3b80000, 0x00000000e0000000)
  object space 60928K, 24% used [0x00000000a0000000,0x00000000a0e59cb0,0x00000000a3b80000)
 Metaspace       used 35921K, capacity 36414K, committed 36992K, reserved 1085440K
  class space    used 4934K, capacity 5062K, committed 5248K, reserved 1048576K
}
Event: 8.735 GC heap before
{Heap before GC invocations=37 (full 16):
 PSYoungGen      total 127488K, used 0K [0x00000000e0000000, 0x00000000e8a80000, 0x0000000100000000)
  eden space 119296K, 0% used [0x00000000e0000000,0x00000000e0000000,0x00000000e7480000)
  from space 8192K, 0% used [0x00000000e8280000,0x00000000e8280000,0x00000000e8a80000)
  to   space 512K, 0% used [0x00000000e8200000,0x00000000e8200000,0x00000000e8280000)
 ParOldGen       total 60928K, used 14695K [0x00000000a0000000, 0x00000000a3b80000, 0x00000000e0000000)
  object space 60928K, 24% used [0x00000000a0000000,0x00000000a0e59cb0,0x00000000a3b80000)
 Metaspace       used 35921K, capacity 36414K, committed 36992K, reserved 1089536K
  class space    used 4934K, capacity 5062K, committed 5248K, reserved 1048576K
Event: 8.736 GC heap after
Heap after GC invocations=37 (full 16):
 PSYoungGen      total 121344K, used 0K [0x00000000e0000000, 0x00000000e8a00000, 0x0000000100000000)
  eden space 120832K, 0% used [0x00000000e0000000,0x00000000e0000000,0x00000000e7600000)
  from space 512K, 0% used [0x00000000e8200000,0x00000000e8200000,0x00000000e8280000)
  to   space 7680K, 0% used [0x00000000e8280000,0x00000000e8280000,0x00000000e8a00000)
 ParOldGen       total 60928K, used 14695K [0x00000000a0000000, 0x00000000a3b80000, 0x00000000e0000000)
  object space 60928K, 24% used [0x00000000a0000000,0x00000000a0e59cb0,0x00000000a3b80000)
 Metaspace       used 35921K, capacity 36414K, committed 36992K, reserved 1089536K
  class space    used 4934K, capacity 5062K, committed 5248K, reserved 1048576K
}
Event: 8.736 GC heap before
{Heap before GC invocations=38 (full 17):
 PSYoungGen      total 121344K, used 0K [0x00000000e0000000, 0x00000000e8a00000, 0x0000000100000000)
  eden space 120832K, 0% used [0x00000000e0000000,0x00000000e0000000,0x00000000e7600000)
  from space 512K, 0% used [0x00000000e8200000,0x00000000e8200000,0x00000000e8280000)
  to   space 7680K, 0% used [0x00000000e8280000,0x00000000e8280000,0x00000000e8a00000)
 ParOldGen       total 60928K, used 14695K [0x00000000a0000000, 0x00000000a3b80000, 0x00000000e0000000)
  object space 60928K, 24% used [0x00000000a0000000,0x00000000a0e59cb0,0x00000000a3b80000)
 Metaspace       used 35921K, capacity 36414K, committed 36992K, reserved 1089536K
  class space    used 4934K, capacity 5062K, committed 5248K, reserved 1048576K
Event: 8.796 GC heap after
Heap after GC invocations=38 (full 17):
 PSYoungGen      total 121344K, used 0K [0x00000000e0000000, 0x00000000e8a00000, 0x0000000100000000)
  eden space 120832K, 0% used [0x00000000e0000000,0x00000000e0000000,0x00000000e7600000)
  from space 512K, 0% used [0x00000000e8200000,0x00000000e8200000,0x00000000e8280000)
  to   space 7680K, 0% used [0x00000000e8280000,0x00000000e8280000,0x00000000e8a00000)
 ParOldGen       total 60928K, used 14673K [0x00000000a0000000, 0x00000000a3b80000, 0x00000000e0000000)
  object space 60928K, 24% used [0x00000000a0000000,0x00000000a0e544f8,0x00000000a3b80000)
 Metaspace       used 35921K, capacity 36414K, committed 36992K, reserved 1085440K
  class space    used 4934K, capacity 5062K, committed 5248K, reserved 1048576K
}

